/home/framognino/OpenFOAM/utilities/LibICE_postV3/libICEpost/Database/__init__.py at line 15:
TODO:
Reformat the whole structure so that:
   1)  every _DatabaseClass instance has an interface method 
       from_file(file_name, file_format, entries=None) which 
       redirects the user to a specific loader (e.g. from_json) 
       which by default rise NotImplementedError.
       Then, redefine every portion of the database as a subclass
       of _DatabaseClass whith specific 'from_<file_format>' methods.
   2)  In the solver, add a method with which the user can add new 
       entries to the database exploiting these features.

-----------------------------------------------------

/home/framognino/OpenFOAM/utilities/LibICE_postV3/libICEpost/src/base/Functions/runtimeWarning.py at line 36:


-----------------------------------------------------

/home/framognino/OpenFOAM/utilities/LibICE_postV3/libICEpost/src/base/Functions/runtimeWarning.py at line 37:


-----------------------------------------------------

/home/framognino/OpenFOAM/utilities/LibICE_postV3/libICEpost/src/base/dataStructures/InfoTable/InfoTable.py at line 80:
       #TODO


-----------------------------------------------------

/home/framognino/OpenFOAM/utilities/LibICE_postV3/libICEpost/src/thermophysicalModels/thermoModels/ThermoModel/ReactingThermo/__init__.py at line 17:
 TODO: Subclasses to handle combustion:
   - oneZone ()
   - twoZone (assumption of infinitely-thin reaction zone separating reactants and products)
   - something for diffusive flames (?)

-----------------------------------------------------

/home/framognino/OpenFOAM/utilities/LibICE_postV3/libICEpost/src/thermophysicalModels/__init__.py at line 14:


-----------------------------------------------------

/home/framognino/OpenFOAM/utilities/LibICE_postV3/libICEpost/src/thermophysicalModels/specie/reactions/ReactionModel/StoichiometricCombustion.py at line 37:


-----------------------------------------------------

/home/framognino/OpenFOAM/utilities/LibICE_postV3/libICEpost/src/thermophysicalModels/specie/specie/Mixture.py at line 9:


-----------------------------------------------------

/home/framognino/OpenFOAM/utilities/LibICE_postV3/libICEpost/scripts/plotLFStable.py at line 156:
       #TODO


-----------------------------------------------------

/home/framognino/OpenFOAM/utilities/LibICE_postV3/libICEpost/scripts/plotLFStable.py at line 162:
       #TODO


-----------------------------------------------------

